
    User ID: userId123
    Name: John Doe
    Email: user@example.com
    Category: Confirmaton Resrvation
    Error: Email error
    Time: 2024-09-26T10:03:13.305Z
        -----------------------------------
    
    User ID: userId123
    Name: John Doe
    Email: user@example.com
    Category: Confirmaton Resrvation
    Error: Email error
    Time: 2024-09-26T10:03:29.391Z
        -----------------------------------
    
    User ID: userId123
    Name: John Doe
    Email: user@example.com
    Category: Confirmaton Resrvation
    Error: Email error
    Time: 2024-09-26T10:03:53.581Z
        -----------------------------------
    
    User ID: userId123
    Name: John Doe
    Email: user@example.com
    Category: Confirmaton Resrvation
    Error: Email error
    Time: 2024-09-26T10:04:12.670Z
        -----------------------------------
    
    User ID: userId123
    Name: John Doe
    Email: user@example.com
    Category: Confirmaton Resrvation
    Error: Email error
    Time: 2024-09-26T10:04:40.161Z
        -----------------------------------
    
    User ID: userId123
    Name: John Doe
    Email: user@example.com
    Category: Confirmaton Resrvation
    Error: Email error
    Time: 2024-09-26T10:05:09.072Z
        -----------------------------------
    
    User ID: userId123
    Name: John Doe
    Email: user@example.com
    Category: Confirmaton Resrvation
    Error: Email error
    Time: 2024-09-26T10:05:18.802Z
        -----------------------------------
    
    User ID: userId123
    Name: John Doe
    Email: user@example.com
    Category: Confirmaton Resrvation
    Error: Email error
    Time: 2024-09-26T10:05:40.355Z
        -----------------------------------
    
    User ID: userId123
    Name: John Doe
    Email: user@example.com
    Category: Confirmaton Resrvation
    Error: Email error
    Time: 2024-09-26T10:05:53.549Z
        -----------------------------------
    
    User ID: userId123
    Name: John Doe
    Email: user@example.com
    Category: Confirmaton Resrvation
    Error: Email error
    Time: 2024-09-26T10:06:08.076Z
        -----------------------------------
    
    User ID: userId123
    Name: John Doe
    Email: user@example.com
    Category: Confirmaton Resrvation
    Error: Email error
    Time: 2024-09-26T10:06:23.701Z
        -----------------------------------
    
    User ID: userId123
    Name: John Doe
    Email: user@example.com
    Category: Confirmaton Resrvation
    Error: Email error
    Time: 2024-09-26T10:06:45.889Z
        -----------------------------------
    
    User ID: userId123
    Name: John Doe
    Email: user@example.com
    Category: Confirmaton Resrvation
    Error: Email error
    Time: 2024-09-26T10:07:03.820Z
        -----------------------------------
    
    User ID: userId123
    Name: John Doe
    Email: user@example.com
    Category: Confirmaton Resrvation
    Error: Email error
    Time: 2024-09-26T10:07:21.315Z
        -----------------------------------
    
    User ID: userId123
    Name: John Doe
    Email: user@example.com
    Category: Confirmaton Resrvation
    Error: Email error
    Time: 2024-09-26T10:07:30.925Z
        -----------------------------------
    
    User ID: userId123
    Name: John Doe
    Email: user@example.com
    Category: Confirmaton Resrvation
    Error: Email error
    Time: 2024-09-26T10:07:47.428Z
        -----------------------------------
    
    User ID: userId123
    Name: John Doe
    Email: user@example.com
    Category: Confirmaton Resrvation
    Error: Email error
    Time: 2024-09-26T10:08:12.654Z
        -----------------------------------
    
    User ID: userId123
    Name: John Doe
    Email: user@example.com
    Category: Confirmaton Resrvation
    Error: Email error
    Time: 2024-09-26T10:08:27.584Z
        -----------------------------------
    
    User ID: userId123
    Name: John Doe
    Email: user@example.com
    Category: Confirmaton Resrvation
    Error: Email error
    Time: 2024-09-26T10:08:36.247Z
        -----------------------------------
    
    User ID: userId123
    Name: John Doe
    Email: user@example.com
    Category: Confirmaton Resrvation
    Error: Email error
    Time: 2024-09-26T10:08:44.854Z
        -----------------------------------
    
    User ID: userId123
    Name: John Doe
    Email: user@example.com
    Category: Confirmaton Resrvation
    Error: Email error
    Time: 2024-09-26T10:08:53.364Z
        -----------------------------------
    
    User ID: userId123
    Name: John Doe
    Email: user@example.com
    Category: Confirmaton Resrvation
    Error: Email error
    Time: 2024-09-26T10:09:03.204Z
        -----------------------------------
    
    User ID: userId123
    Name: John Doe
    Email: user@example.com
    Category: Confirmaton Resrvation
    Error: Email error
    Time: 2024-09-26T10:09:19.828Z
        -----------------------------------
    
    User ID: userId123
    Name: John Doe
    Email: user@example.com
    Category: Confirmaton Resrvation
    Error: Email error
    Time: 2024-09-26T10:09:41.827Z
        -----------------------------------
    
    User ID: userId123
    Name: John Doe
    Email: user@example.com
    Category: Confirmaton Resrvation
    Error: Email error
    Time: 2024-09-26T10:11:53.060Z
        -----------------------------------
    
    User ID: userId123
    Name: John Doe
    Email: user@example.com
    Category: Confirmaton Resrvation
    Error: Email error
    Time: 2024-09-26T10:13:43.457Z
        -----------------------------------
    
    User ID: userId123
    Name: John Doe
    Email: user@example.com
    Category: Confirmaton Resrvation
    Error: Email error
    Time: 2024-09-26T10:14:05.882Z
        -----------------------------------
    
    User ID: userId123
    Name: John Doe
    Email: user@example.com
    Category: Confirmaton Resrvation
    Error: Email error
    Time: 2024-09-26T10:14:22.906Z
        -----------------------------------
    
    User ID: userId123
    Name: John Doe
    Email: user@example.com
    Category: Confirmaton Resrvation
    Error: Email error
    Time: 2024-09-26T10:14:35.888Z
        -----------------------------------
    
    User ID: userId123
    Name: John Doe
    Email: user@example.com
    Category: Confirmaton Resrvation
    Error: Email error
    Time: 2024-09-26T10:15:49.620Z
        -----------------------------------
    
    User ID: userId123
    Name: John Doe
    Email: user@example.com
    Category: Confirmaton Resrvation
    Error: Email error
    Time: 2024-09-26T10:16:00.559Z
        -----------------------------------
    
    User ID: userId123
    Name: John Doe
    Email: user@example.com
    Category: Confirmaton Resrvation
    Error: Email error
    Time: 2024-09-26T10:16:23.796Z
        -----------------------------------
    
    User ID: userId123
    Name: John Doe
    Email: user@example.com
    Category: Confirmaton Resrvation
    Error: Email error
    Time: 2024-09-26T10:16:41.186Z
        -----------------------------------
    
    User ID: userId123
    Name: John Doe
    Email: user@example.com
    Category: Confirmaton Resrvation
    Error: Email error
    Time: 2024-09-26T10:17:01.373Z
        -----------------------------------
    
    User ID: userId123
    Name: John Doe
    Email: user@example.com
    Category: Confirmaton Resrvation
    Error: Email error
    Time: 2024-09-26T10:17:17.594Z
        -----------------------------------
    
    User ID: userId123
    Name: John Doe
    Email: user@example.com
    Category: Confirmaton Resrvation
    Error: Email error
    Time: 2024-09-26T10:17:44.370Z
        -----------------------------------
    
    User ID: userId123
    Name: John Doe
    Email: user@example.com
    Category: Confirmaton Resrvation
    Error: Email error
    Time: 2024-09-26T10:17:52.268Z
        -----------------------------------
    
    User ID: userId123
    Name: John Doe
    Email: user@example.com
    Category: Confirmaton Resrvation
    Error: Email error
    Time: 2024-09-26T10:18:01.470Z
        -----------------------------------
    
    User ID: userId123
    Name: John Doe
    Email: user@example.com
    Category: Confirmaton Resrvation
    Error: Email error
    Time: 2024-09-26T10:18:18.832Z
        -----------------------------------
    
    User ID: userId123
    Name: John Doe
    Email: user@example.com
    Category: Confirmaton Resrvation
    Error: Email error
    Time: 2024-09-26T10:18:59.740Z
        -----------------------------------
    
    User ID: userId123
    Name: John Doe
    Email: user@example.com
    Category: Confirmaton Resrvation
    Error: Email error
    Time: 2024-09-26T10:19:08.271Z
        -----------------------------------
    
    User ID: userId123
    Name: John Doe
    Email: user@example.com
    Category: Confirmaton Resrvation
    Error: Email error
    Time: 2024-09-26T10:19:23.867Z
        -----------------------------------
    
    User ID: userId123
    Name: John Doe
    Email: user@example.com
    Category: Confirmaton Resrvation
    Error: Email error
    Time: 2024-09-26T10:19:57.426Z
        -----------------------------------
    
    User ID: userId123
    Name: John Doe
    Email: user@example.com
    Category: Confirmaton Resrvation
    Error: Email error
    Time: 2024-09-26T10:20:26.343Z
        -----------------------------------
    
    User ID: userId123
    Name: John Doe
    Email: user@example.com
    Category: Confirmaton Resrvation
    Error: Email error
    Time: 2024-09-26T10:20:39.669Z
        -----------------------------------
    
    User ID: userId123
    Name: John Doe
    Email: user@example.com
    Category: Confirmaton Resrvation
    Error: Email error
    Time: 2024-09-26T10:21:30.450Z
        -----------------------------------
    
    User ID: userId123
    Name: John Doe
    Email: user@example.com
    Category: Confirmaton Resrvation
    Error: Email error
    Time: 2024-09-26T10:21:44.009Z
        -----------------------------------
    
    User ID: userId123
    Name: John Doe
    Email: user@example.com
    Category: Confirmaton Resrvation
    Error: Email error
    Time: 2024-09-26T10:22:06.369Z
        -----------------------------------
    
    User ID: userId123
    Name: John Doe
    Email: user@example.com
    Category: Confirmaton Resrvation
    Error: Email error
    Time: 2024-09-26T10:22:14.294Z
        -----------------------------------
    
    User ID: userId123
    Name: John Doe
    Email: user@example.com
    Category: Confirmaton Resrvation
    Error: Email error
    Time: 2024-09-26T10:23:20.240Z
        -----------------------------------
    
    User ID: userId123
    Name: John Doe
    Email: user@example.com
    Category: Confirmaton Resrvation
    Error: Email error
    Time: 2024-09-26T10:23:40.067Z
        -----------------------------------
    
    User ID: userId123
    Name: John Doe
    Email: user@example.com
    Category: Confirmaton Resrvation
    Error: Email error
    Time: 2024-09-26T10:24:10.253Z
        -----------------------------------
    
    User ID: userId123
    Name: John Doe
    Email: user@example.com
    Category: Confirmaton Resrvation
    Error: Email error
    Time: 2024-09-26T10:24:33.075Z
        -----------------------------------
    
    User ID: userId123
    Name: John Doe
    Email: user@example.com
    Category: Confirmaton Resrvation
    Error: Email error
    Time: 2024-09-26T10:24:41.330Z
        -----------------------------------
    
    User ID: userId123
    Name: John Doe
    Email: user@example.com
    Category: Confirmaton Resrvation
    Error: Email error
    Time: 2024-09-26T10:24:50.646Z
        -----------------------------------
    
    User ID: userId123
    Name: John Doe
    Email: user@example.com
    Category: Confirmaton Resrvation
    Error: Email error
    Time: 2024-09-26T10:25:06.351Z
        -----------------------------------
    
    User ID: userId123
    Name: John Doe
    Email: user@example.com
    Category: Confirmaton Resrvation
    Error: Email error
    Time: 2024-09-26T10:25:19.014Z
        -----------------------------------
    
    User ID: userId123
    Name: John Doe
    Email: user@example.com
    Category: Confirmaton Resrvation
    Error: Email error
    Time: 2024-09-26T10:25:55.776Z
        -----------------------------------
    
    User ID: userId123
    Name: John Doe
    Email: user@example.com
    Category: Confirmaton Resrvation
    Error: Email error
    Time: 2024-09-26T10:27:03.206Z
        -----------------------------------
    
    User ID: userId123
    Name: John Doe
    Email: user@example.com
    Category: Confirmaton Resrvation
    Error: Email error
    Time: 2024-09-26T10:27:19.891Z
        -----------------------------------
    
    User ID: userId123
    Name: John Doe
    Email: user@example.com
    Category: Confirmaton Resrvation
    Error: Email error
    Time: 2024-09-26T10:28:06.029Z
        -----------------------------------
    
    User ID: userId123
    Name: John Doe
    Email: user@example.com
    Category: Confirmaton Resrvation
    Error: Email error
    Time: 2024-09-26T10:28:32.493Z
        -----------------------------------
    
    User ID: userId123
    Name: John Doe
    Email: user@example.com
    Category: Confirmaton Resrvation
    Error: Email error
    Time: 2024-09-26T10:28:45.048Z
        -----------------------------------
    
    User ID: userId123
    Name: John Doe
    Email: user@example.com
    Category: Confirmaton Resrvation
    Error: Email error
    Time: 2024-09-26T10:28:54.128Z
        -----------------------------------
    
    User ID: userId123
    Name: John Doe
    Email: user@example.com
    Category: Confirmaton Resrvation
    Error: Email error
    Time: 2024-09-26T10:29:10.335Z
        -----------------------------------
    
    User ID: userId123
    Name: John Doe
    Email: user@example.com
    Category: Confirmaton Resrvation
    Error: Email error
    Time: 2024-09-26T10:29:38.310Z
        -----------------------------------
    
    User ID: userId123
    Name: John Doe
    Email: user@example.com
    Category: Confirmaton Resrvation
    Error: Email error
    Time: 2024-09-26T10:29:49.387Z
        -----------------------------------
    
    User ID: userId123
    Name: John Doe
    Email: user@example.com
    Category: Confirmaton Resrvation
    Error: Email error
    Time: 2024-09-26T10:30:54.824Z
        -----------------------------------
    
    User ID: userId123
    Name: John Doe
    Email: user@example.com
    Category: Confirmaton Resrvation
    Error: Email error
    Time: 2024-09-26T10:31:04.845Z
        -----------------------------------
    
    User ID: userId123
    Name: John Doe
    Email: user@example.com
    Category: Confirmaton Resrvation
    Error: Email error
    Time: 2024-09-26T10:31:47.628Z
        -----------------------------------
    
    User ID: userId123
    Name: John Doe
    Email: user@example.com
    Category: Confirmaton Resrvation
    Error: Email error
    Time: 2024-09-26T10:32:05.067Z
        -----------------------------------
    
    User ID: userId123
    Name: John Doe
    Email: user@example.com
    Category: Confirmaton Resrvation
    Error: Email error
    Time: 2024-09-26T10:32:19.805Z
        -----------------------------------
    
    User ID: userId123
    Name: John Doe
    Email: user@example.com
    Category: Confirmaton Resrvation
    Error: Email error
    Time: 2024-09-26T10:32:41.668Z
        -----------------------------------
    
    User ID: userId123
    Name: John Doe
    Email: user@example.com
    Category: Confirmaton Resrvation
    Error: Email error
    Time: 2024-09-26T10:32:50.310Z
        -----------------------------------
    
    User ID: userId123
    Name: John Doe
    Email: user@example.com
    Category: Confirmaton Resrvation
    Error: Email error
    Time: 2024-09-26T10:33:12.062Z
        -----------------------------------
    
    User ID: userId123
    Name: John Doe
    Email: user@example.com
    Category: Confirmaton Resrvation
    Error: Email error
    Time: 2024-09-26T10:33:20.190Z
        -----------------------------------
    
    User ID: userId123
    Name: John Doe
    Email: user@example.com
    Category: Confirmaton Resrvation
    Error: Email error
    Time: 2024-09-26T10:34:13.768Z
        -----------------------------------
    
    User ID: userId123
    Name: John Doe
    Email: user@example.com
    Category: Confirmaton Resrvation
    Error: Email error
    Time: 2024-09-26T10:35:12.452Z
        -----------------------------------
    
    User ID: userId123
    Name: John Doe
    Email: user@example.com
    Category: Confirmaton Resrvation
    Error: Email error
    Time: 2024-09-26T10:35:30.221Z
        -----------------------------------
    
    User ID: userId123
    Name: John Doe
    Email: user@example.com
    Category: Confirmaton Resrvation
    Error: Email error
    Time: 2024-09-26T10:35:56.868Z
        -----------------------------------
    
    User ID: userId123
    Name: John Doe
    Email: user@example.com
    Category: Confirmaton Resrvation
    Error: Email error
    Time: 2024-09-26T10:36:43.790Z
        -----------------------------------
    
    User ID: userId123
    Name: John Doe
    Email: user@example.com
    Category: Confirmaton Resrvation
    Error: Email error
    Time: 2024-09-26T10:36:52.970Z
        -----------------------------------
    
    User ID: userId123
    Name: John Doe
    Email: user@example.com
    Category: Confirmaton Resrvation
    Error: Email error
    Time: 2024-09-26T10:38:20.652Z
        -----------------------------------
    
    User ID: userId123
    Name: John Doe
    Email: user@example.com
    Category: Confirmaton Resrvation
    Error: Email error
    Time: 2024-09-26T10:38:33.807Z
        -----------------------------------
    
    User ID: userId123
    Name: John Doe
    Email: user@example.com
    Category: Confirmaton Resrvation
    Error: Email error
    Time: 2024-09-26T10:38:42.685Z
        -----------------------------------
    
    User ID: userId123
    Name: John Doe
    Email: user@example.com
    Category: Confirmaton Resrvation
    Error: Email error
    Time: 2024-09-26T10:38:55.833Z
        -----------------------------------
    
    User ID: userId123
    Name: John Doe
    Email: user@example.com
    Category: Confirmaton Resrvation
    Error: Email error
    Time: 2024-09-26T10:39:27.964Z
        -----------------------------------
    
    User ID: userId123
    Name: John Doe
    Email: user@example.com
    Category: Confirmaton Resrvation
    Error: Email error
    Time: 2024-09-26T10:40:00.669Z
        -----------------------------------
    
    User ID: userId123
    Name: John Doe
    Email: user@example.com
    Category: Confirmaton Resrvation
    Error: Email error
    Time: 2024-09-26T10:40:13.475Z
        -----------------------------------
    
    User ID: userId123
    Name: John Doe
    Email: user@example.com
    Category: Confirmaton Resrvation
    Error: Email error
    Time: 2024-09-26T10:40:31.116Z
        -----------------------------------
    
    User ID: userId123
    Name: John Doe
    Email: user@example.com
    Category: Confirmaton Resrvation
    Error: Email error
    Time: 2024-09-26T10:40:42.905Z
        -----------------------------------
    
    User ID: userId123
    Name: John Doe
    Email: user@example.com
    Category: Confirmaton Resrvation
    Error: Email error
    Time: 2024-09-26T10:40:56.136Z
        -----------------------------------
    
    User ID: userId123
    Name: John Doe
    Email: user@example.com
    Category: Confirmaton Resrvation
    Error: Email error
    Time: 2024-09-26T10:41:14.145Z
        -----------------------------------
    
    User ID: userId123
    Name: John Doe
    Email: user@example.com
    Category: Confirmaton Resrvation
    Error: Email error
    Time: 2024-09-26T10:41:33.520Z
        -----------------------------------
    
    User ID: userId123
    Name: John Doe
    Email: user@example.com
    Category: Confirmaton Resrvation
    Error: Email error
    Time: 2024-09-26T10:41:44.105Z
        -----------------------------------
    
    User ID: userId123
    Name: John Doe
    Email: user@example.com
    Category: Confirmaton Resrvation
    Error: Email error
    Time: 2024-09-26T10:41:52.177Z
        -----------------------------------
    
    User ID: userId123
    Name: John Doe
    Email: user@example.com
    Category: Confirmaton Resrvation
    Error: Email error
    Time: 2024-09-26T10:42:05.001Z
        -----------------------------------
    
    User ID: userId123
    Name: John Doe
    Email: user@example.com
    Category: Confirmaton Resrvation
    Error: Email error
    Time: 2024-09-26T10:42:13.910Z
        -----------------------------------
    
    User ID: userId123
    Name: John Doe
    Email: user@example.com
    Category: Confirmaton Resrvation
    Error: Email error
    Time: 2024-09-26T10:42:21.094Z
        -----------------------------------
    
    User ID: userId123
    Name: John Doe
    Email: user@example.com
    Category: Confirmaton Resrvation
    Error: Email error
    Time: 2024-09-26T10:42:30.490Z
        -----------------------------------
    
    User ID: userId123
    Name: John Doe
    Email: user@example.com
    Category: Confirmaton Resrvation
    Error: Email error
    Time: 2024-09-26T10:42:42.054Z
        -----------------------------------
    
    User ID: userId123
    Name: John Doe
    Email: user@example.com
    Category: Confirmaton Resrvation
    Error: Email error
    Time: 2024-09-26T10:42:54.826Z
        -----------------------------------
    
    User ID: userId123
    Name: John Doe
    Email: user@example.com
    Category: Confirmaton Resrvation
    Error: Email error
    Time: 2024-09-26T10:43:20.308Z
        -----------------------------------
    
    User ID: userId123
    Name: John Doe
    Email: user@example.com
    Category: Confirmaton Resrvation
    Error: Email error
    Time: 2024-09-26T10:43:37.252Z
        -----------------------------------
    
    User ID: userId123
    Name: John Doe
    Email: user@example.com
    Category: Confirmaton Resrvation
    Error: Email error
    Time: 2024-09-26T10:43:52.608Z
        -----------------------------------
    
    User ID: userId123
    Name: John Doe
    Email: user@example.com
    Category: Confirmaton Resrvation
    Error: Email error
    Time: 2024-09-26T10:44:06.883Z
        -----------------------------------
    
    User ID: userId123
    Name: John Doe
    Email: user@example.com
    Category: Confirmaton Resrvation
    Error: Email error
    Time: 2024-09-26T10:44:22.812Z
        -----------------------------------
    
    User ID: userId123
    Name: John Doe
    Email: user@example.com
    Category: Confirmaton Resrvation
    Error: Email error
    Time: 2024-09-26T10:44:30.664Z
        -----------------------------------
    
    User ID: userId123
    Name: John Doe
    Email: user@example.com
    Category: Confirmaton Resrvation
    Error: Email error
    Time: 2024-09-26T10:44:37.970Z
        -----------------------------------
    
    User ID: userId123
    Name: John Doe
    Email: user@example.com
    Category: Confirmaton Resrvation
    Error: Email error
    Time: 2024-09-26T10:44:53.657Z
        -----------------------------------
    
    User ID: userId123
    Name: John Doe
    Email: user@example.com
    Category: Confirmaton Resrvation
    Error: Email error
    Time: 2024-09-26T10:45:17.782Z
        -----------------------------------
    
    User ID: userId123
    Name: John Doe
    Email: user@example.com
    Category: Confirmaton Resrvation
    Error: Email error
    Time: 2024-09-26T10:45:38.565Z
        -----------------------------------
    
    User ID: userId123
    Name: John Doe
    Email: user@example.com
    Category: Confirmaton Resrvation
    Error: Email error
    Time: 2024-09-26T10:46:03.902Z
        -----------------------------------
    
    User ID: userId123
    Name: John Doe
    Email: user@example.com
    Category: Confirmaton Resrvation
    Error: Email error
    Time: 2024-09-26T10:46:26.488Z
        -----------------------------------
    
    User ID: userId123
    Name: John Doe
    Email: user@example.com
    Category: Confirmaton Resrvation
    Error: Email error
    Time: 2024-09-26T10:46:35.722Z
        -----------------------------------
    
    User ID: userId123
    Name: John Doe
    Email: user@example.com
    Category: Confirmaton Resrvation
    Error: Email error
    Time: 2024-09-26T10:46:54.403Z
        -----------------------------------
    
    User ID: userId123
    Name: John Doe
    Email: user@example.com
    Category: Confirmaton Resrvation
    Error: Email error
    Time: 2024-09-26T10:47:13.710Z
        -----------------------------------
    
    User ID: userId123
    Name: John Doe
    Email: user@example.com
    Category: Confirmaton Resrvation
    Error: Email error
    Time: 2024-09-26T10:47:36.946Z
        -----------------------------------
    
    User ID: userId123
    Name: John Doe
    Email: user@example.com
    Category: Confirmaton Resrvation
    Error: Email error
    Time: 2024-09-26T10:47:53.355Z
        -----------------------------------
    
    User ID: userId123
    Name: John Doe
    Email: user@example.com
    Category: Confirmaton Resrvation
    Error: Email error
    Time: 2024-09-26T10:48:25.890Z
        -----------------------------------
    
    User ID: userId123
    Name: John Doe
    Email: user@example.com
    Category: Confirmaton Resrvation
    Error: Email error
    Time: 2024-09-26T10:48:40.087Z
        -----------------------------------
    
    User ID: userId123
    Name: John Doe
    Email: user@example.com
    Category: Confirmaton Resrvation
    Error: Email error
    Time: 2024-09-26T10:48:52.506Z
        -----------------------------------
    
    User ID: userId123
    Name: John Doe
    Email: user@example.com
    Category: Confirmaton Resrvation
    Error: Email error
    Time: 2024-09-26T10:49:12.096Z
        -----------------------------------
    
    User ID: userId123
    Name: John Doe
    Email: user@example.com
    Category: Confirmaton Resrvation
    Error: Email error
    Time: 2024-09-26T10:49:28.332Z
        -----------------------------------
    
    User ID: userId123
    Name: John Doe
    Email: user@example.com
    Category: Confirmaton Resrvation
    Error: Email error
    Time: 2024-09-26T10:49:41.266Z
        -----------------------------------
    
    User ID: userId123
    Name: John Doe
    Email: user@example.com
    Category: Confirmaton Resrvation
    Error: Email error
    Time: 2024-09-26T10:49:53.547Z
        -----------------------------------
    
    User ID: userId123
    Name: John Doe
    Email: user@example.com
    Category: Confirmaton Resrvation
    Error: Email error
    Time: 2024-09-26T10:50:02.678Z
        -----------------------------------
    
    User ID: userId123
    Name: John Doe
    Email: user@example.com
    Category: Confirmaton Resrvation
    Error: Email error
    Time: 2024-09-26T10:50:11.842Z
        -----------------------------------
    
    User ID: userId123
    Name: John Doe
    Email: user@example.com
    Category: Confirmaton Resrvation
    Error: Email error
    Time: 2024-09-26T10:50:23.046Z
        -----------------------------------
    
    User ID: userId123
    Name: John Doe
    Email: user@example.com
    Category: Confirmaton Resrvation
    Error: Email error
    Time: 2024-09-26T10:50:34.703Z
        -----------------------------------
    
    User ID: userId123
    Name: John Doe
    Email: user@example.com
    Category: Confirmaton Resrvation
    Error: Email error
    Time: 2024-09-26T10:50:48.037Z
        -----------------------------------
    
    User ID: userId123
    Name: John Doe
    Email: user@example.com
    Category: Confirmaton Resrvation
    Error: Email error
    Time: 2024-09-26T10:50:59.319Z
        -----------------------------------
    
    User ID: userId123
    Name: John Doe
    Email: user@example.com
    Category: Confirmaton Resrvation
    Error: Email error
    Time: 2024-09-26T10:51:12.243Z
        -----------------------------------
    
    User ID: userId123
    Name: John Doe
    Email: user@example.com
    Category: Confirmaton Resrvation
    Error: Email error
    Time: 2024-09-26T10:51:24.345Z
        -----------------------------------
    
    User ID: userId123
    Name: John Doe
    Email: user@example.com
    Category: Confirmaton Resrvation
    Error: Email error
    Time: 2024-09-26T10:51:38.087Z
        -----------------------------------
    
    User ID: userId123
    Name: John Doe
    Email: user@example.com
    Category: Confirmaton Resrvation
    Error: Email error
    Time: 2024-09-26T10:51:49.242Z
        -----------------------------------
    
    User ID: userId123
    Name: John Doe
    Email: user@example.com
    Category: Confirmaton Resrvation
    Error: Email error
    Time: 2024-09-26T10:52:02.512Z
        -----------------------------------
    
    User ID: userId123
    Name: John Doe
    Email: user@example.com
    Category: Confirmaton Resrvation
    Error: Email error
    Time: 2024-09-26T10:52:13.732Z
        -----------------------------------
    
    User ID: userId123
    Name: John Doe
    Email: user@example.com
    Category: Confirmaton Resrvation
    Error: Email error
    Time: 2024-09-26T10:52:53.623Z
        -----------------------------------
    
    User ID: userId123
    Name: John Doe
    Email: user@example.com
    Category: Confirmaton Resrvation
    Error: Email error
    Time: 2024-09-26T10:53:47.395Z
        -----------------------------------
    
    User ID: userId123
    Name: John Doe
    Email: user@example.com
    Category: Confirmaton Resrvation
    Error: Email error
    Time: 2024-09-26T11:02:33.869Z
        -----------------------------------
    
    User ID: userId123
    Name: John Doe
    Email: user@example.com
    Category: Confirmaton Resrvation
    Error: Email error
    Time: 2024-09-26T11:03:36.963Z
        -----------------------------------
    
    User ID: userId123
    Name: John Doe
    Email: user@example.com
    Category: Confirmaton Resrvation
    Error: Email error
    Time: 2024-09-26T11:08:48.559Z
        -----------------------------------
    
    User ID: userId123
    Name: John Doe
    Email: user@example.com
    Category: Confirmaton Resrvation
    Error: Email error
    Time: 2024-09-26T11:09:26.549Z
        -----------------------------------
    
    User ID: userId123
    Name: John Doe
    Email: user@example.com
    Category: Confirmaton Resrvation
    Error: Email error
    Time: 2024-09-26T11:09:48.349Z
        -----------------------------------
    
    User ID: userId123
    Name: John Doe
    Email: user@example.com
    Category: Confirmaton Resrvation
    Error: Email error
    Time: 2024-09-26T11:15:26.932Z
        -----------------------------------
    
    User ID: userId123
    Name: John Doe
    Email: user@example.com
    Category: Confirmaton Resrvation
    Error: Email error
    Time: 2024-09-26T11:15:58.308Z
        -----------------------------------
    
    User ID: userId123
    Name: John Doe
    Email: user@example.com
    Category: Confirmaton Resrvation
    Error: Email error
    Time: 2024-09-26T11:22:24.941Z
        -----------------------------------
    